-------------------------------------------------------------------------------
Test set: TestSuite
-------------------------------------------------------------------------------
Tests run: 7, Failures: 1, Errors: 0, Skipped: 0, Time elapsed: 72.121 sec <<< FAILURE! - in TestSuite
verifyGetStartedTest on verifyGetStartedTest(tests.testPackage1.FBMessengerTests)(tests.testPackage1.FBMessengerTests)  Time elapsed: 0.674 sec  <<< FAILURE!
java.lang.AssertionError: TC Failed
	at steps.Steps.FBMessengerSteps.verifyGetStarted(FBMessengerSteps.java:86)
	at tests.testPackage1.FBMessengerTests.verifyGetStartedTest(FBMessengerTests.java:57)

