<?xml version="1.0" encoding="UTF-8"?>
<testsuite name="TestSuite" time="64.99" tests="7" errors="0" skipped="0" failures="1">
  <properties>
[...]
</properties>
  <testcase name="afetchDataFromDialogflowTest on afetchDataFromDialogflowTest(tests.testPackage1.FBMessengerTests)" classname="tests.testPackage1.FBMessengerTests" time="61.968"/>
  <testcase name="verifyFAQBaggageTest on verifyFAQBaggageTest(tests.testPackage1.FBMessengerTests)" classname="tests.testPackage1.FBMessengerTests" time="0.736"/>
  <testcase name="verifyGetStartedTest on verifyGetStartedTest(tests.testPackage1.FBMessengerTests)" classname="tests.testPackage1.FBMessengerTests" time="0.674">
    <failure message="TC Failed" type="java.lang.AssertionError">java.lang.AssertionError: TC Failed
	at steps.Steps.FBMessengerSteps.verifyGetStarted(FBMessengerSteps.java:86)
	at tests.testPackage1.FBMessengerTests.verifyGetStartedTest(FBMessengerTests.java:57)
</failure>
    <system-out><![CDATA[Test verifyGetStarted
]]></system-out>
    <system-err><![CDATA[64354 [main] INFO net.thucydides.core.steps.ConsoleLoggingListener - 
        __    _____ _____ ____ _____   ____   _    ____  ____  _____ ____  
  _     \ \  |_   _| ____/ ___|_   _| |  _ \ / \  / ___|/ ___|| ____|  _ \ 
 (_)_____| |   | | |  _| \___ \ | |   | |_) / _ \ \___ \\___ \|  _| | | | |
  _|_____| |   | | | |___ ___) || |   |  __/ ___ \ ___) |___) | |___| |_| |
 (_)     | |   |_| |_____|____/ |_|   |_| /_/   \_\____/|____/|_____|____/ 
        /_/                                                                

TEST PASSED: Verify FAQ baggage test
----------------------------------------------------------------------------
64989 [main] INFO net.thucydides.core.steps.ConsoleLoggingListener - 
 _____ _____ ____ _____   ____ _____  _    ____ _____ _____ ____  
|_   _| ____/ ___|_   _| / ___|_   _|/ \  |  _ \_   _| ____|  _ \ 
  | | |  _| \___ \ | |   \___ \ | | / _ \ | |_) || | |  _| | | | |
  | | | |___ ___) || |    ___) || |/ ___ \|  _ < | | | |___| |_| |
  |_| |_____|____/ |_|   |____/ |_/_/   \_\_| \_\|_| |_____|____/ 
                                                                  

TEST STARTED: verifyGetStartedTest
-------------------------------------------------------------------
64989 [main] INFO net.serenitybdd.core.Serenity - TEST NUMBER: 3
]]></system-err>
  </testcase>
  <testcase name="getAll2TestDemo on getAll2TestDemo(tests.testPackage1.SecondSerenityTest)" classname="tests.testPackage1.SecondSerenityTest" time="0.357"/>
  <testcase name="getAll1Test on getAll1Test(tests.testPackage1.SecondSerenityTest)" classname="tests.testPackage1.SecondSerenityTest" time="0.462"/>
  <testcase name="getAll1Test on getAll1Test(tests.testPackage2.FirstSerenityTest)" classname="tests.testPackage2.FirstSerenityTest" time="0.342"/>
  <testcase name="getAll2Test on getAll2Test(tests.testPackage2.FirstSerenityTest)" classname="tests.testPackage2.FirstSerenityTest" time="0.451"/>
</testsuite>